{"/mnt/datadisk/prj/vue/tutorials/bulma-buefy/sample_vue2/bincollection/src/App.vue": {"path":"/mnt/datadisk/prj/vue/tutorials/bulma-buefy/sample_vue2/bincollection/src/App.vue","statementMap":{"0":{"start":{"line":90,"column":0},"end":{"line":null,"column":-1}},"1":{"start":{"line":91,"column":0},"end":{"line":null,"column":-1}},"2":{"start":{"line":92,"column":0},"end":{"line":null,"column":-1}},"3":{"start":{"line":93,"column":0},"end":{"line":null,"column":-1}},"4":{"start":{"line":95,"column":0},"end":{"line":null,"column":-1}},"5":{"start":{"line":112,"column":0},"end":{"line":null,"column":-1}},"6":{"start":{"line":113,"column":0},"end":{"line":127,"column":0}},"7":{"start":{"line":114,"column":0},"end":{"line":121,"column":0}},"8":{"start":{"line":115,"column":0},"end":{"line":null,"column":-1}},"9":{"start":{"line":120,"column":0},"end":{"line":null,"column":-1}},"10":{"start":{"line":122,"column":0},"end":{"line":null,"column":-1}},"11":{"start":{"line":130,"column":0},"end":{"line":134,"column":0}},"12":{"start":{"line":131,"column":0},"end":{"line":null,"column":-1}},"13":{"start":{"line":133,"column":0},"end":{"line":null,"column":-1}},"14":{"start":{"line":136,"column":0},"end":{"line":null,"column":-1}},"15":{"start":{"line":138,"column":0},"end":{"line":null,"column":-1}},"16":{"start":{"line":139,"column":0},"end":{"line":153,"column":0}},"17":{"start":{"line":140,"column":0},"end":{"line":152,"column":0}},"18":{"start":{"line":141,"column":0},"end":{"line":143,"column":0}},"19":{"start":{"line":142,"column":0},"end":{"line":null,"column":-1}},"20":{"start":{"line":144,"column":0},"end":{"line":152,"column":0}},"21":{"start":{"line":145,"column":0},"end":{"line":147,"column":0}},"22":{"start":{"line":146,"column":0},"end":{"line":null,"column":-1}},"23":{"start":{"line":148,"column":0},"end":{"line":152,"column":0}},"24":{"start":{"line":149,"column":0},"end":{"line":151,"column":0}},"25":{"start":{"line":150,"column":0},"end":{"line":null,"column":-1}},"26":{"start":{"line":155,"column":0},"end":{"line":null,"column":-1}},"27":{"start":{"line":156,"column":0},"end":{"line":null,"column":-1}},"28":{"start":{"line":158,"column":0},"end":{"line":184,"column":0}},"29":{"start":{"line":160,"column":0},"end":{"line":178,"column":0}},"30":{"start":{"line":161,"column":0},"end":{"line":null,"column":-1}},"31":{"start":{"line":163,"column":0},"end":{"line":null,"column":-1}},"32":{"start":{"line":164,"column":0},"end":{"line":null,"column":-1}},"33":{"start":{"line":167,"column":0},"end":{"line":null,"column":-1}},"34":{"start":{"line":168,"column":0},"end":{"line":172,"column":0}},"35":{"start":{"line":171,"column":0},"end":{"line":null,"column":-1}},"36":{"start":{"line":174,"column":0},"end":{"line":null,"column":-1}},"37":{"start":{"line":176,"column":0},"end":{"line":null,"column":-1}},"38":{"start":{"line":179,"column":0},"end":{"line":null,"column":-1}},"39":{"start":{"line":181,"column":0},"end":{"line":null,"column":-1}},"40":{"start":{"line":183,"column":0},"end":{"line":null,"column":-1}},"41":{"start":{"line":187,"column":0},"end":{"line":195,"column":0}},"42":{"start":{"line":188,"column":0},"end":{"line":null,"column":-1}},"43":{"start":{"line":189,"column":0},"end":{"line":null,"column":-1}},"44":{"start":{"line":190,"column":0},"end":{"line":null,"column":-1}},"45":{"start":{"line":192,"column":0},"end":{"line":null,"column":-1}},"46":{"start":{"line":193,"column":0},"end":{"line":null,"column":-1}},"47":{"start":{"line":194,"column":0},"end":{"line":null,"column":-1}},"48":{"start":{"line":196,"column":0},"end":{"line":null,"column":-1}},"49":{"start":{"line":197,"column":0},"end":{"line":null,"column":-1}},"50":{"start":{"line":201,"column":0},"end":{"line":null,"column":-1}},"51":{"start":{"line":204,"column":0},"end":{"line":213,"column":0}},"52":{"start":{"line":206,"column":0},"end":{"line":null,"column":-1}},"53":{"start":{"line":207,"column":0},"end":{"line":213,"column":0}},"54":{"start":{"line":208,"column":0},"end":{"line":null,"column":-1}},"55":{"start":{"line":209,"column":0},"end":{"line":213,"column":0}},"56":{"start":{"line":210,"column":0},"end":{"line":null,"column":-1}},"57":{"start":{"line":211,"column":0},"end":{"line":213,"column":0}},"58":{"start":{"line":212,"column":0},"end":{"line":null,"column":-1}},"59":{"start":{"line":214,"column":0},"end":{"line":null,"column":-1}},"60":{"start":{"line":217,"column":0},"end":{"line":null,"column":-1}},"61":{"start":{"line":220,"column":0},"end":{"line":null,"column":-1}},"62":{"start":{"line":223,"column":0},"end":{"line":null,"column":-1}},"63":{"start":{"line":226,"column":0},"end":{"line":null,"column":-1}},"64":{"start":{"line":229,"column":0},"end":{"line":null,"column":-1}},"65":{"start":{"line":232,"column":0},"end":{"line":234,"column":0}},"66":{"start":{"line":233,"column":0},"end":{"line":null,"column":-1}},"67":{"start":{"line":235,"column":0},"end":{"line":null,"column":-1}},"68":{"start":{"line":238,"column":0},"end":{"line":null,"column":-1}},"69":{"start":{"line":243,"column":0},"end":{"line":null,"column":-1}},"70":{"start":{"line":245,"column":0},"end":{"line":null,"column":-1}},"71":{"start":{"line":246,"column":0},"end":{"line":null,"column":-1}},"72":{"start":{"line":247,"column":0},"end":{"line":null,"column":-1}},"73":{"start":{"line":248,"column":0},"end":{"line":null,"column":-1}},"74":{"start":{"line":250,"column":0},"end":{"line":265,"column":0}},"75":{"start":{"line":251,"column":0},"end":{"line":264,"column":0}},"76":{"start":{"line":252,"column":0},"end":{"line":257,"column":0}},"77":{"start":{"line":253,"column":0},"end":{"line":null,"column":-1}},"78":{"start":{"line":255,"column":0},"end":{"line":null,"column":-1}},"79":{"start":{"line":256,"column":0},"end":{"line":null,"column":-1}},"80":{"start":{"line":258,"column":0},"end":{"line":null,"column":-1}},"81":{"start":{"line":260,"column":0},"end":{"line":null,"column":-1}},"82":{"start":{"line":261,"column":0},"end":{"line":null,"column":-1}},"83":{"start":{"line":262,"column":0},"end":{"line":null,"column":-1}},"84":{"start":{"line":263,"column":0},"end":{"line":null,"column":-1}},"85":{"start":{"line":266,"column":0},"end":{"line":null,"column":-1}},"86":{"start":{"line":269,"column":0},"end":{"line":null,"column":-1}},"87":{"start":{"line":270,"column":0},"end":{"line":278,"column":0}},"88":{"start":{"line":271,"column":0},"end":{"line":null,"column":-1}},"89":{"start":{"line":272,"column":0},"end":{"line":278,"column":0}},"90":{"start":{"line":273,"column":0},"end":{"line":null,"column":-1}},"91":{"start":{"line":274,"column":0},"end":{"line":278,"column":0}},"92":{"start":{"line":275,"column":0},"end":{"line":null,"column":-1}},"93":{"start":{"line":277,"column":0},"end":{"line":null,"column":-1}},"94":{"start":{"line":281,"column":0},"end":{"line":null,"column":-1}},"95":{"start":{"line":282,"column":0},"end":{"line":null,"column":-1}},"96":{"start":{"line":283,"column":0},"end":{"line":null,"column":-1}},"97":{"start":{"line":284,"column":0},"end":{"line":null,"column":-1}},"98":{"start":{"line":285,"column":0},"end":{"line":null,"column":-1}},"99":{"start":{"line":286,"column":0},"end":{"line":null,"column":-1}},"100":{"start":{"line":289,"column":0},"end":{"line":null,"column":-1}},"101":{"start":{"line":290,"column":0},"end":{"line":null,"column":-1}},"102":{"start":{"line":291,"column":0},"end":{"line":null,"column":-1}},"103":{"start":{"line":292,"column":0},"end":{"line":null,"column":-1}},"104":{"start":{"line":294,"column":0},"end":{"line":null,"column":-1}},"105":{"start":{"line":296,"column":0},"end":{"line":null,"column":-1}},"106":{"start":{"line":297,"column":0},"end":{"line":null,"column":-1}},"107":{"start":{"line":298,"column":0},"end":{"line":null,"column":-1}},"108":{"start":{"line":299,"column":0},"end":{"line":319,"column":0}},"109":{"start":{"line":300,"column":0},"end":{"line":null,"column":-1}},"110":{"start":{"line":302,"column":0},"end":{"line":310,"column":0}},"111":{"start":{"line":303,"column":0},"end":{"line":309,"column":0}},"112":{"start":{"line":304,"column":0},"end":{"line":null,"column":-1}},"113":{"start":{"line":305,"column":0},"end":{"line":null,"column":-1}},"114":{"start":{"line":307,"column":0},"end":{"line":null,"column":-1}},"115":{"start":{"line":308,"column":0},"end":{"line":null,"column":-1}},"116":{"start":{"line":313,"column":0},"end":{"line":317,"column":0}},"117":{"start":{"line":314,"column":0},"end":{"line":null,"column":-1}},"118":{"start":{"line":316,"column":0},"end":{"line":null,"column":-1}},"119":{"start":{"line":318,"column":0},"end":{"line":null,"column":-1}},"120":{"start":{"line":322,"column":0},"end":{"line":330,"column":0}},"121":{"start":{"line":323,"column":0},"end":{"line":null,"column":-1}},"122":{"start":{"line":324,"column":0},"end":{"line":null,"column":-1}},"123":{"start":{"line":328,"column":0},"end":{"line":null,"column":-1}},"124":{"start":{"line":336,"column":0},"end":{"line":null,"column":-1}}},"fnMap":{"0":{"name":"validateBeforeSubmit","decl":{"start":{"line":112,"column":0},"end":{"line":null,"column":-1}},"loc":{"start":{"line":112,"column":0},"end":{"line":128,"column":0}}},"1":{"name":"(anonymous_2)","decl":{"start":{"line":113,"column":0},"end":{"line":null,"column":-1}},"loc":{"start":{"line":113,"column":0},"end":{"line":127,"column":0}}},"2":{"name":"getDisplayCollections","decl":{"start":{"line":129,"column":0},"end":{"line":null,"column":-1}},"loc":{"start":{"line":129,"column":0},"end":{"line":135,"column":0}}},"3":{"name":"updateFilterCollections","decl":{"start":{"line":136,"column":0},"end":{"line":null,"column":-1}},"loc":{"start":{"line":136,"column":0},"end":{"line":154,"column":0}}},"4":{"name":"(anonymous_5)","decl":{"start":{"line":139,"column":0},"end":{"line":null,"column":-1}},"loc":{"start":{"line":139,"column":0},"end":{"line":153,"column":0}}},"5":{"name":"submitEnquiry","decl":{"start":{"line":155,"column":0},"end":{"line":null,"column":-1}},"loc":{"start":{"line":155,"column":0},"end":{"line":185,"column":0}}},"6":{"name":"(anonymous_7)","decl":{"start":{"line":158,"column":0},"end":{"line":null,"column":-1}},"loc":{"start":{"line":158,"column":0},"end":{"line":180,"column":0}}},"7":{"name":"(anonymous_8)","decl":{"start":{"line":168,"column":0},"end":{"line":null,"column":-1}},"loc":{"start":{"line":168,"column":0},"end":{"line":172,"column":0}}},"8":{"name":"(anonymous_9)","decl":{"start":{"line":180,"column":0},"end":{"line":null,"column":-1}},"loc":{"start":{"line":180,"column":0},"end":{"line":184,"column":0}}},"9":{"name":"updateAddressSelect","decl":{"start":{"line":186,"column":0},"end":{"line":null,"column":-1}},"loc":{"start":{"line":186,"column":0},"end":{"line":199,"column":0}}},"10":{"name":"clearAddressSelect","decl":{"start":{"line":200,"column":0},"end":{"line":null,"column":-1}},"loc":{"start":{"line":200,"column":0},"end":{"line":202,"column":0}}},"11":{"name":"getPostcodeFieldStatusType","decl":{"start":{"line":203,"column":0},"end":{"line":null,"column":-1}},"loc":{"start":{"line":203,"column":0},"end":{"line":215,"column":0}}},"12":{"name":"isAddressFindDisabled","decl":{"start":{"line":216,"column":0},"end":{"line":null,"column":-1}},"loc":{"start":{"line":216,"column":0},"end":{"line":218,"column":0}}},"13":{"name":"isAddressSelectDisabled","decl":{"start":{"line":219,"column":0},"end":{"line":null,"column":-1}},"loc":{"start":{"line":219,"column":0},"end":{"line":221,"column":0}}},"14":{"name":"isEnquirySubmitDisabled","decl":{"start":{"line":222,"column":0},"end":{"line":null,"column":-1}},"loc":{"start":{"line":222,"column":0},"end":{"line":224,"column":0}}},"15":{"name":"isAddressFindCompleted","decl":{"start":{"line":225,"column":0},"end":{"line":null,"column":-1}},"loc":{"start":{"line":225,"column":0},"end":{"line":227,"column":0}}},"16":{"name":"isEnquirySubmitCompleted","decl":{"start":{"line":228,"column":0},"end":{"line":null,"column":-1}},"loc":{"start":{"line":228,"column":0},"end":{"line":230,"column":0}}},"17":{"name":"isResultTableDisabled","decl":{"start":{"line":231,"column":0},"end":{"line":null,"column":-1}},"loc":{"start":{"line":231,"column":0},"end":{"line":236,"column":0}}},"18":{"name":"hasCollections","decl":{"start":{"line":237,"column":0},"end":{"line":null,"column":-1}},"loc":{"start":{"line":237,"column":0},"end":{"line":239,"column":0}}},"19":{"name":"getAddressFieldStatusType","decl":{"start":{"line":240,"column":0},"end":{"line":null,"column":-1}},"loc":{"start":{"line":240,"column":0},"end":{"line":244,"column":0}}},"20":{"name":"searchAddresses","decl":{"start":{"line":245,"column":0},"end":{"line":null,"column":-1}},"loc":{"start":{"line":245,"column":0},"end":{"line":267,"column":0}}},"21":{"name":"(anonymous_22)","decl":{"start":{"line":251,"column":0},"end":{"line":null,"column":-1}},"loc":{"start":{"line":251,"column":0},"end":{"line":259,"column":0}}},"22":{"name":"(anonymous_23)","decl":{"start":{"line":259,"column":0},"end":{"line":null,"column":-1}},"loc":{"start":{"line":259,"column":0},"end":{"line":264,"column":0}}},"23":{"name":"updatePostcodeErr","decl":{"start":{"line":268,"column":0},"end":{"line":null,"column":-1}},"loc":{"start":{"line":268,"column":0},"end":{"line":279,"column":0}}},"24":{"name":"monitorPostcodeEnterKey","decl":{"start":{"line":280,"column":0},"end":{"line":null,"column":-1}},"loc":{"start":{"line":280,"column":0},"end":{"line":287,"column":0}}},"25":{"name":"clearEnquiryResults","decl":{"start":{"line":288,"column":0},"end":{"line":null,"column":-1}},"loc":{"start":{"line":288,"column":0},"end":{"line":293,"column":0}}},"26":{"name":"monitorPostcodeEnterKeyWithAutoSearch","decl":{"start":{"line":294,"column":0},"end":{"line":null,"column":-1}},"loc":{"start":{"line":294,"column":0},"end":{"line":320,"column":0}}},"27":{"name":"(anonymous_28)","decl":{"start":{"line":299,"column":0},"end":{"line":null,"column":-1}},"loc":{"start":{"line":299,"column":0},"end":{"line":311,"column":0}}},"28":{"name":"(anonymous_29)","decl":{"start":{"line":311,"column":0},"end":{"line":null,"column":-1}},"loc":{"start":{"line":311,"column":0},"end":{"line":319,"column":0}}},"29":{"name":"monitorAddressSwitch","decl":{"start":{"line":321,"column":0},"end":{"line":null,"column":-1}},"loc":{"start":{"line":321,"column":0},"end":{"line":331,"column":0}}},"30":{"name":"data","decl":{"start":{"line":335,"column":0},"end":{"line":null,"column":-1}},"loc":{"start":{"line":335,"column":0},"end":{"line":376,"column":0}}}},"branchMap":{"0":{"loc":{"start":{"line":114,"column":0},"end":{"line":121,"column":0}},"type":"if","locations":[{"start":{"line":114,"column":0},"end":{"line":121,"column":0}},{"start":{"line":114,"column":0},"end":{"line":121,"column":0}}]},"1":{"loc":{"start":{"line":130,"column":0},"end":{"line":134,"column":0}},"type":"if","locations":[{"start":{"line":130,"column":0},"end":{"line":134,"column":0}},{"start":{"line":130,"column":0},"end":{"line":134,"column":0}}]},"2":{"loc":{"start":{"line":140,"column":0},"end":{"line":152,"column":0}},"type":"if","locations":[{"start":{"line":140,"column":0},"end":{"line":152,"column":0}},{"start":{"line":140,"column":0},"end":{"line":152,"column":0}}]},"3":{"loc":{"start":{"line":141,"column":0},"end":{"line":143,"column":0}},"type":"if","locations":[{"start":{"line":141,"column":0},"end":{"line":143,"column":0}},{"start":{"line":141,"column":0},"end":{"line":143,"column":0}}]},"4":{"loc":{"start":{"line":144,"column":0},"end":{"line":152,"column":0}},"type":"if","locations":[{"start":{"line":144,"column":0},"end":{"line":152,"column":0}},{"start":{"line":144,"column":0},"end":{"line":152,"column":0}}]},"5":{"loc":{"start":{"line":145,"column":0},"end":{"line":147,"column":0}},"type":"if","locations":[{"start":{"line":145,"column":0},"end":{"line":147,"column":0}},{"start":{"line":145,"column":0},"end":{"line":147,"column":0}}]},"6":{"loc":{"start":{"line":148,"column":0},"end":{"line":152,"column":0}},"type":"if","locations":[{"start":{"line":148,"column":0},"end":{"line":152,"column":0}},{"start":{"line":148,"column":0},"end":{"line":152,"column":0}}]},"7":{"loc":{"start":{"line":149,"column":0},"end":{"line":151,"column":0}},"type":"if","locations":[{"start":{"line":149,"column":0},"end":{"line":151,"column":0}},{"start":{"line":149,"column":0},"end":{"line":151,"column":0}}]},"8":{"loc":{"start":{"line":160,"column":0},"end":{"line":178,"column":0}},"type":"if","locations":[{"start":{"line":160,"column":0},"end":{"line":178,"column":0}},{"start":{"line":160,"column":0},"end":{"line":178,"column":0}}]},"9":{"loc":{"start":{"line":187,"column":0},"end":{"line":195,"column":0}},"type":"if","locations":[{"start":{"line":187,"column":0},"end":{"line":195,"column":0}},{"start":{"line":187,"column":0},"end":{"line":195,"column":0}}]},"10":{"loc":{"start":{"line":187,"column":0},"end":{"line":null,"column":-1}},"type":"binary-expr","locations":[{"start":{"line":187,"column":0},"end":{"line":null,"column":-1}},{"start":{"line":187,"column":0},"end":{"line":null,"column":-1}}]},"11":{"loc":{"start":{"line":204,"column":0},"end":{"line":213,"column":0}},"type":"if","locations":[{"start":{"line":204,"column":0},"end":{"line":213,"column":0}},{"start":{"line":204,"column":0},"end":{"line":213,"column":0}}]},"12":{"loc":{"start":{"line":204,"column":0},"end":{"line":null,"column":-1}},"type":"binary-expr","locations":[{"start":{"line":204,"column":0},"end":{"line":null,"column":-1}},{"start":{"line":204,"column":0},"end":{"line":null,"column":-1}}]},"13":{"loc":{"start":{"line":207,"column":0},"end":{"line":213,"column":0}},"type":"if","locations":[{"start":{"line":207,"column":0},"end":{"line":213,"column":0}},{"start":{"line":207,"column":0},"end":{"line":213,"column":0}}]},"14":{"loc":{"start":{"line":209,"column":0},"end":{"line":213,"column":0}},"type":"if","locations":[{"start":{"line":209,"column":0},"end":{"line":213,"column":0}},{"start":{"line":209,"column":0},"end":{"line":213,"column":0}}]},"15":{"loc":{"start":{"line":211,"column":0},"end":{"line":213,"column":0}},"type":"if","locations":[{"start":{"line":211,"column":0},"end":{"line":213,"column":0}},{"start":{"line":211,"column":0},"end":{"line":213,"column":0}}]},"16":{"loc":{"start":{"line":220,"column":0},"end":{"line":null,"column":-1}},"type":"binary-expr","locations":[{"start":{"line":220,"column":0},"end":{"line":null,"column":-1}},{"start":{"line":220,"column":0},"end":{"line":null,"column":-1}}]},"17":{"loc":{"start":{"line":226,"column":0},"end":{"line":null,"column":-1}},"type":"binary-expr","locations":[{"start":{"line":226,"column":0},"end":{"line":null,"column":-1}},{"start":{"line":226,"column":0},"end":{"line":null,"column":-1}}]},"18":{"loc":{"start":{"line":229,"column":0},"end":{"line":null,"column":-1}},"type":"binary-expr","locations":[{"start":{"line":229,"column":0},"end":{"line":null,"column":-1}},{"start":{"line":229,"column":0},"end":{"line":null,"column":-1}}]},"19":{"loc":{"start":{"line":232,"column":0},"end":{"line":234,"column":0}},"type":"if","locations":[{"start":{"line":232,"column":0},"end":{"line":234,"column":0}},{"start":{"line":232,"column":0},"end":{"line":234,"column":0}}]},"20":{"loc":{"start":{"line":238,"column":0},"end":{"line":null,"column":-1}},"type":"binary-expr","locations":[{"start":{"line":238,"column":0},"end":{"line":null,"column":-1}},{"start":{"line":238,"column":0},"end":{"line":null,"column":-1}}]},"21":{"loc":{"start":{"line":250,"column":0},"end":{"line":265,"column":0}},"type":"if","locations":[{"start":{"line":250,"column":0},"end":{"line":265,"column":0}},{"start":{"line":250,"column":0},"end":{"line":265,"column":0}}]},"22":{"loc":{"start":{"line":252,"column":0},"end":{"line":257,"column":0}},"type":"if","locations":[{"start":{"line":252,"column":0},"end":{"line":257,"column":0}},{"start":{"line":252,"column":0},"end":{"line":257,"column":0}}]},"23":{"loc":{"start":{"line":270,"column":0},"end":{"line":278,"column":0}},"type":"if","locations":[{"start":{"line":270,"column":0},"end":{"line":278,"column":0}},{"start":{"line":270,"column":0},"end":{"line":278,"column":0}}]},"24":{"loc":{"start":{"line":272,"column":0},"end":{"line":278,"column":0}},"type":"if","locations":[{"start":{"line":272,"column":0},"end":{"line":278,"column":0}},{"start":{"line":272,"column":0},"end":{"line":278,"column":0}}]},"25":{"loc":{"start":{"line":274,"column":0},"end":{"line":278,"column":0}},"type":"if","locations":[{"start":{"line":274,"column":0},"end":{"line":278,"column":0}},{"start":{"line":274,"column":0},"end":{"line":278,"column":0}}]},"26":{"loc":{"start":{"line":302,"column":0},"end":{"line":310,"column":0}},"type":"if","locations":[{"start":{"line":302,"column":0},"end":{"line":310,"column":0}},{"start":{"line":302,"column":0},"end":{"line":310,"column":0}}]},"27":{"loc":{"start":{"line":303,"column":0},"end":{"line":309,"column":0}},"type":"if","locations":[{"start":{"line":303,"column":0},"end":{"line":309,"column":0}},{"start":{"line":303,"column":0},"end":{"line":309,"column":0}}]},"28":{"loc":{"start":{"line":313,"column":0},"end":{"line":317,"column":0}},"type":"if","locations":[{"start":{"line":313,"column":0},"end":{"line":317,"column":0}},{"start":{"line":313,"column":0},"end":{"line":317,"column":0}}]},"29":{"loc":{"start":{"line":313,"column":0},"end":{"line":null,"column":-1}},"type":"binary-expr","locations":[{"start":{"line":313,"column":0},"end":{"line":null,"column":-1}},{"start":{"line":313,"column":0},"end":{"line":null,"column":-1}}]},"30":{"loc":{"start":{"line":322,"column":0},"end":{"line":330,"column":0}},"type":"if","locations":[{"start":{"line":322,"column":0},"end":{"line":330,"column":0}},{"start":{"line":322,"column":0},"end":{"line":330,"column":0}}]}},"s":{"0":0,"1":0,"2":0,"3":0,"4":0,"5":0,"6":0,"7":0,"8":0,"9":0,"10":0,"11":0,"12":0,"13":0,"14":0,"15":0,"16":0,"17":0,"18":0,"19":0,"20":0,"21":0,"22":0,"23":0,"24":0,"25":0,"26":0,"27":0,"28":0,"29":0,"30":0,"31":0,"32":0,"33":0,"34":0,"35":0,"36":0,"37":0,"38":0,"39":0,"40":0,"41":0,"42":0,"43":0,"44":0,"45":0,"46":0,"47":0,"48":0,"49":0,"50":0,"51":0,"52":0,"53":0,"54":0,"55":0,"56":0,"57":0,"58":0,"59":0,"60":0,"61":0,"62":0,"63":0,"64":0,"65":0,"66":0,"67":0,"68":0,"69":0,"70":0,"71":0,"72":0,"73":0,"74":0,"75":0,"76":0,"77":0,"78":0,"79":0,"80":0,"81":0,"82":0,"83":0,"84":0,"85":0,"86":0,"87":0,"88":0,"89":0,"90":0,"91":0,"92":0,"93":0,"94":0,"95":0,"96":0,"97":0,"98":0,"99":0,"100":0,"101":0,"102":0,"103":0,"104":0,"105":0,"106":0,"107":0,"108":0,"109":0,"110":0,"111":0,"112":0,"113":0,"114":0,"115":0,"116":0,"117":0,"118":0,"119":0,"120":0,"121":0,"122":0,"123":0,"124":0},"f":{"0":0,"1":0,"2":0,"3":0,"4":0,"5":0,"6":0,"7":0,"8":0,"9":0,"10":0,"11":0,"12":0,"13":0,"14":0,"15":0,"16":0,"17":0,"18":0,"19":0,"20":0,"21":0,"22":0,"23":0,"24":0,"25":0,"26":0,"27":0,"28":0,"29":0,"30":0},"b":{"0":[0,0],"1":[0,0],"2":[0,0],"3":[0,0],"4":[0,0],"5":[0,0],"6":[0,0],"7":[0,0],"8":[0,0],"9":[0,0],"10":[0,0],"11":[0,0],"12":[0,0],"13":[0,0],"14":[0,0],"15":[0,0],"16":[0,0],"17":[0,0],"18":[0,0],"19":[0,0],"20":[0,0],"21":[0,0],"22":[0,0],"23":[0,0],"24":[0,0],"25":[0,0],"26":[0,0],"27":[0,0],"28":[0,0],"29":[0,0],"30":[0,0]}}
,"/mnt/datadisk/prj/vue/tutorials/bulma-buefy/sample_vue2/bincollection/src/bc_defines.js": {"path":"/mnt/datadisk/prj/vue/tutorials/bulma-buefy/sample_vue2/bincollection/src/bc_defines.js","statementMap":{"0":{"start":{"line":1,"column":13},"end":{"line":1,"column":7}},"1":{"start":{"line":11,"column":33},"end":{"line":null,"column":-1}},"2":{"start":{"line":13,"column":4},"end":{"line":15,"column":5}},"3":{"start":{"line":14,"column":6},"end":{"line":null,"column":-1}},"4":{"start":{"line":17,"column":4},"end":{"line":null,"column":-1}},"5":{"start":{"line":18,"column":4},"end":{"line":11,"column":33}}},"fnMap":{},"branchMap":{"0":{"loc":{"start":{"line":11,"column":33},"end":{"line":null,"column":-1}},"type":"binary-expr","locations":[{"start":{"line":11,"column":33},"end":{"line":null,"column":-1}},{"start":{"line":11,"column":33},"end":{"line":null,"column":-1}}]},"1":{"loc":{"start":{"line":13,"column":4},"end":{"line":15,"column":5}},"type":"if","locations":[{"start":{"line":13,"column":4},"end":{"line":15,"column":5}},{"start":{"line":13,"column":4},"end":{"line":15,"column":5}}]}},"s":{"0":0,"1":0,"2":0,"3":0,"4":0,"5":0},"f":{},"b":{"0":[0,0],"1":[0,0]}}
,"/mnt/datadisk/prj/vue/tutorials/bulma-buefy/sample_vue2/bincollection/src/store.js": {"path":"/mnt/datadisk/prj/vue/tutorials/bulma-buefy/sample_vue2/bincollection/src/store.js","statementMap":{"0":{"start":{"line":1,"column":0},"end":{"line":null,"column":-1}},"1":{"start":{"line":2,"column":0},"end":{"line":null,"column":-1}},"2":{"start":{"line":5,"column":0},"end":{"line":null,"column":-1}},"3":{"start":{"line":18,"column":21},"end":{"line":17,"column":41}},"4":{"start":{"line":21,"column":21},"end":{"line":20,"column":51}},"5":{"start":{"line":24,"column":6},"end":{"line":null,"column":-1}},"6":{"start":{"line":27,"column":6},"end":{"line":null,"column":-1}},"7":{"start":{"line":31,"column":44},"end":{"line":31,"column":43}},"8":{"start":{"line":32,"column":6},"end":{"line":null,"column":-1}},"9":{"start":{"line":33,"column":16},"end":{"line":33,"column":6}},"10":{"start":{"line":34,"column":6},"end":{"line":null,"column":-1}},"11":{"start":{"line":35,"column":8},"end":{"line":null,"column":-1}},"12":{"start":{"line":36,"column":8},"end":{"line":null,"column":-1}},"13":{"start":{"line":39,"column":42},"end":{"line":39,"column":41}},"14":{"start":{"line":40,"column":16},"end":{"line":40,"column":6}},"15":{"start":{"line":41,"column":6},"end":{"line":null,"column":-1}},"16":{"start":{"line":42,"column":8},"end":{"line":null,"column":-1}},"17":{"start":{"line":47,"column":16},"end":{"line":46,"column":10}},"18":{"start":{"line":48,"column":17},"end":{"line":46,"column":10}}},"fnMap":{"0":{"name":"UPDATE_ADDRESS_DATA","decl":{"start":{"line":16,"column":13},"end":{"line":17,"column":24}},"loc":{"start":{"line":17,"column":41},"end":{"line":16,"column":13}}},"1":{"name":"UPDATE_WEEKLY_COLLECTION_DATA","decl":{"start":{"line":16,"column":13},"end":{"line":20,"column":34}},"loc":{"start":{"line":20,"column":51},"end":{"line":16,"column":13}}},"2":{"name":"SET_ADDRESS_DATA_LOADING","decl":{"start":{"line":16,"column":13},"end":{"line":23,"column":29}},"loc":{"start":{"line":23,"column":46},"end":{"line":16,"column":13}}},"3":{"name":"SET_COLLECTION_DATA_LOADING","decl":{"start":{"line":16,"column":13},"end":{"line":26,"column":32}},"loc":{"start":{"line":26,"column":49},"end":{"line":16,"column":13}}},"4":{"name":"getPostAddresses","decl":{"start":{"line":30,"column":11},"end":{"line":31,"column":33}},"loc":{"start":{"line":31,"column":44},"end":{"line":30,"column":11}}},"5":{"name":"(anonymous_6)","decl":{"start":{"line":34,"column":26},"end":{"line":34,"column":26}},"loc":{"start":{"line":34,"column":40},"end":{"line":34,"column":6}}},"6":{"name":"findBinCollections","decl":{"start":{"line":30,"column":11},"end":{"line":39,"column":35}},"loc":{"start":{"line":39,"column":42},"end":{"line":30,"column":11}}},"7":{"name":"(anonymous_8)","decl":{"start":{"line":41,"column":26},"end":{"line":41,"column":26}},"loc":{"start":{"line":41,"column":40},"end":{"line":41,"column":6}}},"8":{"name":"addressses","decl":{"start":{"line":47,"column":16},"end":{"line":47,"column":24}},"loc":{"start":{"line":47,"column":16},"end":{"line":46,"column":11}}},"9":{"name":"collections","decl":{"start":{"line":48,"column":17},"end":{"line":48,"column":25}},"loc":{"start":{"line":48,"column":17},"end":{"line":46,"column":11}}}},"branchMap":{},"s":{"0":0,"1":0,"2":0,"3":0,"4":0,"5":0,"6":0,"7":0,"8":0,"9":0,"10":0,"11":0,"12":0,"13":0,"14":0,"15":0,"16":0,"17":0,"18":0},"f":{"0":0,"1":0,"2":0,"3":0,"4":0,"5":0,"6":0,"7":0,"8":0,"9":0},"b":{}}
,"/mnt/datadisk/prj/vue/tutorials/bulma-buefy/sample_vue2/bincollection/src/api/rbc_api.js": {"path":"/mnt/datadisk/prj/vue/tutorials/bulma-buefy/sample_vue2/bincollection/src/api/rbc_api.js","statementMap":{"0":{"start":{"line":1,"column":0},"end":{"line":null,"column":-1}},"1":{"start":{"line":2,"column":0},"end":{"line":null,"column":-1}},"2":{"start":{"line":3,"column":0},"end":{"line":null,"column":-1}},"3":{"start":{"line":4,"column":0},"end":{"line":null,"column":-1}},"4":{"start":{"line":6,"column":13},"end":{"line":6,"column":7}},"5":{"start":{"line":12,"column":28},"end":{"line":12,"column":0}},"6":{"start":{"line":13,"column":30},"end":{"line":13,"column":0}},"7":{"start":{"line":18,"column":36},"end":{"line":18,"column":35}},"8":{"start":{"line":18,"column":36},"end":{"line":null,"column":-1}},"9":{"start":{"line":19,"column":4},"end":{"line":null,"column":-1}},"10":{"start":{"line":20,"column":4},"end":{"line":null,"column":-1}},"11":{"start":{"line":21,"column":4},"end":{"line":null,"column":-1}},"12":{"start":{"line":26,"column":4},"end":{"line":null,"column":-1}},"13":{"start":{"line":30,"column":14},"end":{"line":30,"column":4}},"14":{"start":{"line":32,"column":4},"end":{"line":null,"column":-1}},"15":{"start":{"line":36,"column":14},"end":{"line":36,"column":4}},"16":{"start":{"line":38,"column":4},"end":{"line":null,"column":-1}},"17":{"start":{"line":42,"column":18},"end":{"line":42,"column":0}},"18":{"start":{"line":44,"column":13},"end":{"line":44,"column":7}},"19":{"start":{"line":50,"column":4},"end":{"line":null,"column":-1}},"20":{"start":{"line":52,"column":6},"end":{"line":null,"column":-1}},"21":{"start":{"line":54,"column":6},"end":{"line":80,"column":7}},"22":{"start":{"line":55,"column":18},"end":{"line":55,"column":8}},"23":{"start":{"line":56,"column":8},"end":{"line":null,"column":-1}},"24":{"start":{"line":57,"column":10},"end":{"line":null,"column":-1}},"25":{"start":{"line":58,"column":21},"end":{"line":58,"column":10}},"26":{"start":{"line":59,"column":10},"end":{"line":64,"column":11}},"27":{"start":{"line":60,"column":12},"end":{"line":null,"column":-1}},"28":{"start":{"line":62,"column":12},"end":{"line":null,"column":-1}},"29":{"start":{"line":63,"column":12},"end":{"line":null,"column":-1}},"30":{"start":{"line":66,"column":10},"end":{"line":null,"column":-1}},"31":{"start":{"line":67,"column":10},"end":{"line":null,"column":-1}},"32":{"start":{"line":71,"column":19},"end":{"line":71,"column":8}},"33":{"start":{"line":72,"column":10},"end":{"line":null,"column":-1}},"34":{"start":{"line":74,"column":8},"end":{"line":79,"column":9}},"35":{"start":{"line":75,"column":10},"end":{"line":null,"column":-1}},"36":{"start":{"line":76,"column":10},"end":{"line":null,"column":-1}},"37":{"start":{"line":78,"column":10},"end":{"line":null,"column":-1}},"38":{"start":{"line":83,"column":51},"end":{"line":null,"column":-1}},"39":{"start":{"line":84,"column":4},"end":{"line":null,"column":-1}},"40":{"start":{"line":85,"column":22},"end":{"line":85,"column":6}},"41":{"start":{"line":87,"column":6},"end":{"line":100,"column":7}},"42":{"start":{"line":88,"column":8},"end":{"line":null,"column":-1}},"43":{"start":{"line":90,"column":8},"end":{"line":null,"column":-1}},"44":{"start":{"line":91,"column":8},"end":{"line":99,"column":9}},"45":{"start":{"line":92,"column":10},"end":{"line":null,"column":-1}},"46":{"start":{"line":93,"column":12},"end":{"line":null,"column":-1}},"47":{"start":{"line":97,"column":12},"end":{"line":null,"column":-1}},"48":{"start":{"line":103,"column":34},"end":{"line":null,"column":-1}},"49":{"start":{"line":104,"column":4},"end":{"line":null,"column":-1}},"50":{"start":{"line":105,"column":6},"end":{"line":null,"column":-1}},"51":{"start":{"line":107,"column":6},"end":{"line":140,"column":7}},"52":{"start":{"line":108,"column":18},"end":{"line":108,"column":8}},"53":{"start":{"line":109,"column":8},"end":{"line":null,"column":-1}},"54":{"start":{"line":110,"column":10},"end":{"line":null,"column":-1}},"55":{"start":{"line":111,"column":21},"end":{"line":111,"column":10}},"56":{"start":{"line":112,"column":10},"end":{"line":117,"column":11}},"57":{"start":{"line":113,"column":12},"end":{"line":null,"column":-1}},"58":{"start":{"line":115,"column":12},"end":{"line":null,"column":-1}},"59":{"start":{"line":116,"column":12},"end":{"line":null,"column":-1}},"60":{"start":{"line":119,"column":10},"end":{"line":null,"column":-1}},"61":{"start":{"line":121,"column":10},"end":{"line":null,"column":-1}},"62":{"start":{"line":122,"column":10},"end":{"line":null,"column":-1}},"63":{"start":{"line":125,"column":19},"end":{"line":125,"column":8}},"64":{"start":{"line":126,"column":10},"end":{"line":null,"column":-1}},"65":{"start":{"line":128,"column":8},"end":{"line":null,"column":-1}},"66":{"start":{"line":129,"column":8},"end":{"line":139,"column":9}},"67":{"start":{"line":130,"column":10},"end":{"line":135,"column":11}},"68":{"start":{"line":131,"column":12},"end":{"line":null,"column":-1}},"69":{"start":{"line":133,"column":12},"end":{"line":null,"column":-1}},"70":{"start":{"line":134,"column":12},"end":{"line":null,"column":-1}},"71":{"start":{"line":137,"column":10},"end":{"line":null,"column":-1}},"72":{"start":{"line":138,"column":10},"end":{"line":null,"column":-1}},"73":{"start":{"line":144,"column":4},"end":{"line":146,"column":5}},"74":{"start":{"line":145,"column":6},"end":{"line":null,"column":-1}},"75":{"start":{"line":148,"column":4},"end":{"line":null,"column":-1}},"76":{"start":{"line":150,"column":15},"end":{"line":150,"column":4}},"77":{"start":{"line":153,"column":14},"end":{"line":153,"column":6}},"78":{"start":{"line":155,"column":6},"end":{"line":null,"column":-1}},"79":{"start":{"line":158,"column":4},"end":{"line":null,"column":-1}},"80":{"start":{"line":160,"column":4},"end":{"line":null,"column":-1}}},"fnMap":{"0":{"name":"getAddresses","decl":{"start":{"line":44,"column":22},"end":{"line":49,"column":15}},"loc":{"start":{"line":49,"column":32},"end":{"line":44,"column":22}}},"1":{"name":"(anonymous_7)","decl":{"start":{"line":50,"column":23},"end":{"line":50,"column":23}},"loc":{"start":{"line":50,"column":44},"end":{"line":50,"column":11}}},"2":{"name":"(anonymous_8)","decl":{"start":{"line":56,"column":28},"end":{"line":56,"column":28}},"loc":{"start":{"line":56,"column":42},"end":{"line":56,"column":8}}},"3":{"name":"(anonymous_9)","decl":{"start":{"line":65,"column":17},"end":{"line":65,"column":17}},"loc":{"start":{"line":65,"column":26},"end":{"line":56,"column":8}}},"4":{"name":"(anonymous_10)","decl":{"start":{"line":71,"column":40},"end":{"line":71,"column":40}},"loc":{"start":{"line":71,"column":56},"end":{"line":71,"column":19}}},"5":{"name":"getPostcodeAddresses","decl":{"start":{"line":44,"column":22},"end":{"line":83,"column":23}},"loc":{"start":{"line":83,"column":51},"end":{"line":44,"column":22}}},"6":{"name":"(anonymous_12)","decl":{"start":{"line":84,"column":23},"end":{"line":84,"column":23}},"loc":{"start":{"line":84,"column":44},"end":{"line":84,"column":11}}},"7":{"name":"(anonymous_13)","decl":{"start":{"line":92,"column":61},"end":{"line":92,"column":61}},"loc":{"start":{"line":92,"column":71},"end":{"line":92,"column":10}}},"8":{"name":"(anonymous_14)","decl":{"start":{"line":96,"column":19},"end":{"line":96,"column":19}},"loc":{"start":{"line":96,"column":28},"end":{"line":92,"column":10}}},"9":{"name":"findBinCollections","decl":{"start":{"line":44,"column":22},"end":{"line":103,"column":21}},"loc":{"start":{"line":103,"column":34},"end":{"line":44,"column":22}}},"10":{"name":"(anonymous_16)","decl":{"start":{"line":104,"column":23},"end":{"line":104,"column":23}},"loc":{"start":{"line":104,"column":44},"end":{"line":104,"column":11}}},"11":{"name":"(anonymous_17)","decl":{"start":{"line":109,"column":28},"end":{"line":109,"column":28}},"loc":{"start":{"line":109,"column":42},"end":{"line":109,"column":8}}},"12":{"name":"(anonymous_18)","decl":{"start":{"line":118,"column":17},"end":{"line":118,"column":17}},"loc":{"start":{"line":118,"column":26},"end":{"line":109,"column":8}}},"13":{"name":"(anonymous_19)","decl":{"start":{"line":125,"column":48},"end":{"line":125,"column":48}},"loc":{"start":{"line":125,"column":65},"end":{"line":125,"column":19}}},"14":{"name":"getWeeklyBinCollectionSchedule","decl":{"start":{"line":44,"column":22},"end":{"line":143,"column":33}},"loc":{"start":{"line":143,"column":73},"end":{"line":44,"column":22}}},"15":{"name":"(anonymous_21)","decl":{"start":{"line":150,"column":34},"end":{"line":150,"column":34}},"loc":{"start":{"line":150,"column":53},"end":{"line":150,"column":15}}}},"branchMap":{"0":{"loc":{"start":{"line":18,"column":36},"end":{"line":16,"column":29}},"type":"cond-expr","locations":[{"start":{"line":18,"column":36},"end":{"line":16,"column":29}},{"start":{"line":16,"column":30},"end":{"line":18,"column":36}}]},"1":{"loc":{"start":{"line":18,"column":36},"end":{"line":16,"column":29}},"type":"binary-expr","locations":[{"start":{"line":18,"column":36},"end":{"line":16,"column":29}},{"start":{"line":18,"column":36},"end":{"line":16,"column":29}}]},"2":{"loc":{"start":{"line":18,"column":36},"end":{"line":17,"column":20}},"type":"cond-expr","locations":[{"start":{"line":18,"column":36},"end":{"line":17,"column":20}},{"start":{"line":17,"column":21},"end":{"line":18,"column":36}}]},"3":{"loc":{"start":{"line":18,"column":36},"end":{"line":17,"column":20}},"type":"binary-expr","locations":[{"start":{"line":18,"column":36},"end":{"line":17,"column":20}},{"start":{"line":18,"column":36},"end":{"line":17,"column":20}}]},"4":{"loc":{"start":{"line":18,"column":36},"end":{"line":18,"column":10}},"type":"cond-expr","locations":[{"start":{"line":18,"column":36},"end":{"line":18,"column":10}},{"start":{"line":18,"column":11},"end":{"line":18,"column":36}}]},"5":{"loc":{"start":{"line":18,"column":36},"end":{"line":18,"column":10}},"type":"binary-expr","locations":[{"start":{"line":18,"column":36},"end":{"line":18,"column":10}},{"start":{"line":18,"column":36},"end":{"line":18,"column":10}}]},"6":{"loc":{"start":{"line":54,"column":6},"end":{"line":80,"column":7}},"type":"if","locations":[{"start":{"line":54,"column":6},"end":{"line":80,"column":7}},{"start":{"line":54,"column":6},"end":{"line":80,"column":7}}]},"7":{"loc":{"start":{"line":59,"column":10},"end":{"line":64,"column":11}},"type":"if","locations":[{"start":{"line":59,"column":10},"end":{"line":64,"column":11}},{"start":{"line":59,"column":10},"end":{"line":64,"column":11}}]},"8":{"loc":{"start":{"line":74,"column":8},"end":{"line":79,"column":9}},"type":"if","locations":[{"start":{"line":74,"column":8},"end":{"line":79,"column":9}},{"start":{"line":74,"column":8},"end":{"line":79,"column":9}}]},"9":{"loc":{"start":{"line":74,"column":12},"end":{"line":74,"column":19}},"type":"binary-expr","locations":[{"start":{"line":74,"column":12},"end":{"line":74,"column":19}},{"start":{"line":74,"column":20},"end":{"line":74,"column":8}}]},"10":{"loc":{"start":{"line":87,"column":6},"end":{"line":100,"column":7}},"type":"if","locations":[{"start":{"line":87,"column":6},"end":{"line":100,"column":7}},{"start":{"line":87,"column":6},"end":{"line":100,"column":7}}]},"11":{"loc":{"start":{"line":91,"column":8},"end":{"line":99,"column":9}},"type":"if","locations":[{"start":{"line":91,"column":8},"end":{"line":99,"column":9}},{"start":{"line":91,"column":8},"end":{"line":99,"column":9}}]},"12":{"loc":{"start":{"line":107,"column":6},"end":{"line":140,"column":7}},"type":"if","locations":[{"start":{"line":107,"column":6},"end":{"line":140,"column":7}},{"start":{"line":107,"column":6},"end":{"line":140,"column":7}}]},"13":{"loc":{"start":{"line":112,"column":10},"end":{"line":117,"column":11}},"type":"if","locations":[{"start":{"line":112,"column":10},"end":{"line":117,"column":11}},{"start":{"line":112,"column":10},"end":{"line":117,"column":11}}]},"14":{"loc":{"start":{"line":129,"column":8},"end":{"line":139,"column":9}},"type":"if","locations":[{"start":{"line":129,"column":8},"end":{"line":139,"column":9}},{"start":{"line":129,"column":8},"end":{"line":139,"column":9}}]},"15":{"loc":{"start":{"line":129,"column":12},"end":{"line":129,"column":19}},"type":"binary-expr","locations":[{"start":{"line":129,"column":12},"end":{"line":129,"column":19}},{"start":{"line":129,"column":20},"end":{"line":129,"column":12}},{"start":{"line":129,"column":54},"end":{"line":129,"column":8}}]},"16":{"loc":{"start":{"line":130,"column":10},"end":{"line":135,"column":11}},"type":"if","locations":[{"start":{"line":130,"column":10},"end":{"line":135,"column":11}},{"start":{"line":130,"column":10},"end":{"line":135,"column":11}}]},"17":{"loc":{"start":{"line":144,"column":4},"end":{"line":146,"column":5}},"type":"if","locations":[{"start":{"line":144,"column":4},"end":{"line":146,"column":5}},{"start":{"line":144,"column":4},"end":{"line":146,"column":5}}]},"18":{"loc":{"start":{"line":155,"column":13},"end":{"line":155,"column":17}},"type":"binary-expr","locations":[{"start":{"line":155,"column":13},"end":{"line":155,"column":17}},{"start":{"line":155,"column":18},"end":{"line":155,"column":13}},{"start":{"line":155,"column":39},"end":{"line":155,"column":6}}]}},"s":{"0":0,"1":0,"2":0,"3":0,"4":0,"5":0,"6":0,"7":0,"8":0,"9":0,"10":0,"11":0,"12":0,"13":0,"14":0,"15":0,"16":0,"17":0,"18":0,"19":0,"20":0,"21":0,"22":0,"23":0,"24":0,"25":0,"26":0,"27":0,"28":0,"29":0,"30":0,"31":0,"32":0,"33":0,"34":0,"35":0,"36":0,"37":0,"38":0,"39":0,"40":0,"41":0,"42":0,"43":0,"44":0,"45":0,"46":0,"47":0,"48":0,"49":0,"50":0,"51":0,"52":0,"53":0,"54":0,"55":0,"56":0,"57":0,"58":0,"59":0,"60":0,"61":0,"62":0,"63":0,"64":0,"65":0,"66":0,"67":0,"68":0,"69":0,"70":0,"71":0,"72":0,"73":0,"74":0,"75":0,"76":0,"77":0,"78":0,"79":0,"80":0},"f":{"0":0,"1":0,"2":0,"3":0,"4":0,"5":0,"6":0,"7":0,"8":0,"9":0,"10":0,"11":0,"12":0,"13":0,"14":0,"15":0},"b":{"0":[0,0],"1":[0,0],"2":[0,0],"3":[0,0],"4":[0,0],"5":[0,0],"6":[0,0],"7":[0,0],"8":[0,0],"9":[0,0],"10":[0,0],"11":[0,0],"12":[0,0],"13":[0,0],"14":[0,0],"15":[0,0,0],"16":[0,0],"17":[0,0],"18":[0,0,0]}}
,"/mnt/datadisk/prj/vue/tutorials/bulma-buefy/sample_vue2/bincollection/src/api/seed_pseudo.js": {"path":"/mnt/datadisk/prj/vue/tutorials/bulma-buefy/sample_vue2/bincollection/src/api/seed_pseudo.js","statementMap":{"0":{"start":{"line":2,"column":13},"end":{"line":2,"column":7}},"1":{"start":{"line":45,"column":13},"end":{"line":45,"column":7}}},"fnMap":{},"branchMap":{},"s":{"0":0,"1":0},"f":{},"b":{}}
,"/mnt/datadisk/prj/vue/tutorials/bulma-buefy/sample_vue2/bincollection/src/api/seed_test.js": {"path":"/mnt/datadisk/prj/vue/tutorials/bulma-buefy/sample_vue2/bincollection/src/api/seed_test.js","statementMap":{"0":{"start":{"line":2,"column":13},"end":{"line":2,"column":7}},"1":{"start":{"line":1121,"column":13},"end":{"line":1121,"column":7}}},"fnMap":{},"branchMap":{},"s":{"0":0,"1":0},"f":{},"b":{}}
,"/mnt/datadisk/prj/vue/tutorials/bulma-buefy/sample_vue2/bincollection/src/components/MyFooter.vue": {"path":"/mnt/datadisk/prj/vue/tutorials/bulma-buefy/sample_vue2/bincollection/src/components/MyFooter.vue","statementMap":{"0":{"start":{"line":49,"column":0},"end":{"line":null,"column":-1}}},"fnMap":{"0":{"name":"data","decl":{"start":{"line":48,"column":0},"end":{"line":null,"column":-1}},"loc":{"start":{"line":48,"column":0},"end":{"line":52,"column":0}}}},"branchMap":{},"s":{"0":0},"f":{"0":0},"b":{}}
,"/mnt/datadisk/prj/vue/tutorials/bulma-buefy/sample_vue2/bincollection/src/utils/postcode_validator.js": {"path":"/mnt/datadisk/prj/vue/tutorials/bulma-buefy/sample_vue2/bincollection/src/utils/postcode_validator.js","statementMap":{"0":{"start":{"line":1,"column":0},"end":{"line":null,"column":-1}},"1":{"start":{"line":3,"column":23},"end":{"line":3,"column":0}},"2":{"start":{"line":4,"column":23},"end":{"line":4,"column":0}},"3":{"start":{"line":6,"column":13},"end":{"line":6,"column":7}},"4":{"start":{"line":9,"column":15},"end":{"line":9,"column":4}},"5":{"start":{"line":13,"column":20},"end":{"line":13,"column":4}},"6":{"start":{"line":16,"column":20},"end":{"line":16,"column":4}},"7":{"start":{"line":21,"column":4},"end":{"line":23,"column":5}},"8":{"start":{"line":22,"column":6},"end":{"line":null,"column":-1}},"9":{"start":{"line":24,"column":4},"end":{"line":37,"column":5}},"10":{"start":{"line":25,"column":6},"end":{"line":27,"column":7}},"11":{"start":{"line":26,"column":8},"end":{"line":null,"column":-1}},"12":{"start":{"line":28,"column":6},"end":{"line":30,"column":7}},"13":{"start":{"line":29,"column":8},"end":{"line":null,"column":-1}},"14":{"start":{"line":31,"column":6},"end":{"line":33,"column":7}},"15":{"start":{"line":32,"column":8},"end":{"line":null,"column":-1}},"16":{"start":{"line":34,"column":6},"end":{"line":null,"column":-1}},"17":{"start":{"line":36,"column":6},"end":{"line":null,"column":-1}},"18":{"start":{"line":40,"column":4},"end":{"line":null,"column":-1}},"19":{"start":{"line":43,"column":4},"end":{"line":null,"column":-1}},"20":{"start":{"line":46,"column":24},"end":{"line":46,"column":4}},"21":{"start":{"line":47,"column":18},"end":{"line":47,"column":4}},"22":{"start":{"line":49,"column":4},"end":{"line":56,"column":5}},"23":{"start":{"line":50,"column":6},"end":{"line":55,"column":7}},"24":{"start":{"line":51,"column":8},"end":{"line":null,"column":-1}},"25":{"start":{"line":52,"column":8},"end":{"line":54,"column":9}},"26":{"start":{"line":53,"column":10},"end":{"line":null,"column":-1}},"27":{"start":{"line":58,"column":4},"end":{"line":null,"column":-1}}},"fnMap":{"0":{"name":"verifyPostcodeFormat","decl":{"start":{"line":6,"column":33},"end":{"line":7,"column":23}},"loc":{"start":{"line":7,"column":34},"end":{"line":6,"column":33}}},"1":{"name":"shortenPostcode","decl":{"start":{"line":6,"column":33},"end":{"line":39,"column":18}},"loc":{"start":{"line":39,"column":25},"end":{"line":6,"column":33}}},"2":{"name":"rectifyPostcodeSimple","decl":{"start":{"line":6,"column":33},"end":{"line":42,"column":24}},"loc":{"start":{"line":42,"column":35},"end":{"line":6,"column":33}}},"3":{"name":"rectifyPostcode","decl":{"start":{"line":6,"column":33},"end":{"line":45,"column":18}},"loc":{"start":{"line":45,"column":29},"end":{"line":6,"column":33}}}},"branchMap":{"0":{"loc":{"start":{"line":21,"column":4},"end":{"line":23,"column":5}},"type":"if","locations":[{"start":{"line":21,"column":4},"end":{"line":23,"column":5}},{"start":{"line":21,"column":4},"end":{"line":23,"column":5}}]},"1":{"loc":{"start":{"line":24,"column":4},"end":{"line":37,"column":5}},"type":"if","locations":[{"start":{"line":24,"column":4},"end":{"line":37,"column":5}},{"start":{"line":24,"column":4},"end":{"line":37,"column":5}}]},"2":{"loc":{"start":{"line":25,"column":6},"end":{"line":27,"column":7}},"type":"if","locations":[{"start":{"line":25,"column":6},"end":{"line":27,"column":7}},{"start":{"line":25,"column":6},"end":{"line":27,"column":7}}]},"3":{"loc":{"start":{"line":28,"column":6},"end":{"line":30,"column":7}},"type":"if","locations":[{"start":{"line":28,"column":6},"end":{"line":30,"column":7}},{"start":{"line":28,"column":6},"end":{"line":30,"column":7}}]},"4":{"loc":{"start":{"line":31,"column":6},"end":{"line":33,"column":7}},"type":"if","locations":[{"start":{"line":31,"column":6},"end":{"line":33,"column":7}},{"start":{"line":31,"column":6},"end":{"line":33,"column":7}}]},"5":{"loc":{"start":{"line":49,"column":4},"end":{"line":56,"column":5}},"type":"if","locations":[{"start":{"line":49,"column":4},"end":{"line":56,"column":5}},{"start":{"line":49,"column":4},"end":{"line":56,"column":5}}]},"6":{"loc":{"start":{"line":49,"column":8},"end":{"line":49,"column":19}},"type":"binary-expr","locations":[{"start":{"line":49,"column":8},"end":{"line":49,"column":19}},{"start":{"line":49,"column":20},"end":{"line":49,"column":4}}]},"7":{"loc":{"start":{"line":50,"column":6},"end":{"line":55,"column":7}},"type":"if","locations":[{"start":{"line":50,"column":6},"end":{"line":55,"column":7}},{"start":{"line":50,"column":6},"end":{"line":55,"column":7}}]},"8":{"loc":{"start":{"line":52,"column":8},"end":{"line":54,"column":9}},"type":"if","locations":[{"start":{"line":52,"column":8},"end":{"line":54,"column":9}},{"start":{"line":52,"column":8},"end":{"line":54,"column":9}}]}},"s":{"0":0,"1":0,"2":0,"3":0,"4":0,"5":0,"6":0,"7":0,"8":0,"9":0,"10":0,"11":0,"12":0,"13":0,"14":0,"15":0,"16":0,"17":0,"18":0,"19":0,"20":0,"21":0,"22":0,"23":0,"24":0,"25":0,"26":0,"27":0},"f":{"0":0,"1":0,"2":0,"3":0},"b":{"0":[0,0],"1":[0,0],"2":[0,0],"3":[0,0],"4":[0,0],"5":[0,0],"6":[0,0],"7":[0,0],"8":[0,0]}}
,"/mnt/datadisk/prj/vue/tutorials/bulma-buefy/sample_vue2/bincollection/src/utils/str_utils.js": {"path":"/mnt/datadisk/prj/vue/tutorials/bulma-buefy/sample_vue2/bincollection/src/utils/str_utils.js","statementMap":{"0":{"start":{"line":2,"column":13},"end":{"line":2,"column":7}},"1":{"start":{"line":5,"column":4},"end":{"line":null,"column":-1}},"2":{"start":{"line":8,"column":4},"end":{"line":null,"column":-1}},"3":{"start":{"line":11,"column":4},"end":{"line":17,"column":5}},"4":{"start":{"line":12,"column":15},"end":{"line":12,"column":6}},"5":{"start":{"line":13,"column":6},"end":{"line":16,"column":7}},"6":{"start":{"line":15,"column":8},"end":{"line":null,"column":-1}},"7":{"start":{"line":18,"column":4},"end":{"line":null,"column":-1}}},"fnMap":{"0":{"name":"isAlphaNumeric","decl":{"start":{"line":2,"column":24},"end":{"line":3,"column":17}},"loc":{"start":{"line":3,"column":22},"end":{"line":2,"column":24}}},"1":{"name":"isAlphabet","decl":{"start":{"line":2,"column":24},"end":{"line":7,"column":13}},"loc":{"start":{"line":7,"column":18},"end":{"line":2,"column":24}}},"2":{"name":"checkString","decl":{"start":{"line":2,"column":24},"end":{"line":10,"column":14}},"loc":{"start":{"line":10,"column":41},"end":{"line":2,"column":24}}}},"branchMap":{"0":{"loc":{"start":{"line":5,"column":13},"end":{"line":5,"column":12}},"type":"binary-expr","locations":[{"start":{"line":5,"column":13},"end":{"line":5,"column":12}},{"start":{"line":5,"column":24},"end":{"line":5,"column":12}},{"start":{"line":5,"column":37},"end":{"line":5,"column":36}},{"start":{"line":5,"column":48},"end":{"line":5,"column":12}},{"start":{"line":5,"column":61},"end":{"line":5,"column":60}},{"start":{"line":5,"column":72},"end":{"line":5,"column":4}}]},"1":{"loc":{"start":{"line":8,"column":13},"end":{"line":8,"column":12}},"type":"binary-expr","locations":[{"start":{"line":8,"column":13},"end":{"line":8,"column":12}},{"start":{"line":8,"column":24},"end":{"line":8,"column":12}},{"start":{"line":8,"column":37},"end":{"line":8,"column":36}},{"start":{"line":8,"column":48},"end":{"line":8,"column":4}}]},"2":{"loc":{"start":{"line":13,"column":6},"end":{"line":16,"column":7}},"type":"if","locations":[{"start":{"line":13,"column":6},"end":{"line":16,"column":7}},{"start":{"line":13,"column":6},"end":{"line":16,"column":7}}]}},"s":{"0":0,"1":0,"2":0,"3":0,"4":0,"5":0,"6":0,"7":0},"f":{"0":0,"1":0,"2":0},"b":{"0":[0,0,0,0,0,0],"1":[0,0,0,0],"2":[0,0]}}
,"/mnt/datadisk/prj/vue/tutorials/bulma-buefy/sample_vue2/bincollection/src/utils/time_utils.js": {"path":"/mnt/datadisk/prj/vue/tutorials/bulma-buefy/sample_vue2/bincollection/src/utils/time_utils.js","statementMap":{"0":{"start":{"line":4,"column":2},"end":{"line":15,"column":3}},"1":{"start":{"line":7,"column":16},"end":{"line":7,"column":34}},"2":{"start":{"line":8,"column":16},"end":{"line":8,"column":35}},"3":{"start":{"line":9,"column":16},"end":{"line":9,"column":28}},"4":{"start":{"line":11,"column":4},"end":{"line":11,"column":47}},"5":{"start":{"line":13,"column":4},"end":{"line":13,"column":23}},"6":{"start":{"line":14,"column":4},"end":{"line":14,"column":16}},"7":{"start":{"line":19,"column":21},"end":{"line":19,"column":31}},"8":{"start":{"line":20,"column":19},"end":{"line":20,"column":29}},"9":{"start":{"line":21,"column":2},"end":{"line":21,"column":47}},"10":{"start":{"line":22,"column":2},"end":{"line":22,"column":58}},"11":{"start":{"line":23,"column":2},"end":{"line":23,"column":62}},"12":{"start":{"line":24,"column":2},"end":{"line":24,"column":66}}},"fnMap":{"0":{"name":"convertDateFromCouncilUKTimeStr","decl":{"start":{"line":3,"column":16},"end":{"line":3,"column":47}},"loc":{"start":{"line":3,"column":58},"end":{"line":16,"column":1}},"line":3},"1":{"name":"getDateRange","decl":{"start":{"line":18,"column":16},"end":{"line":18,"column":28}},"loc":{"start":{"line":18,"column":44},"end":{"line":25,"column":1}},"line":18}},"branchMap":{"0":{"loc":{"start":{"line":18,"column":30},"end":{"line":18,"column":42}},"type":"default-arg","locations":[{"start":{"line":18,"column":41},"end":{"line":18,"column":42}}],"line":18}},"s":{"0":1,"1":1,"2":1,"3":1,"4":1,"5":0,"6":0,"7":0,"8":0,"9":0,"10":0,"11":0,"12":0},"f":{"0":1,"1":0},"b":{"0":[0]},"_coverageSchema":"332fd63041d2c1bcb487cc26dd0d5f7d97098a6c","hash":"b23e2e63e384f97f6eba90cb4d9709e102f0a921"}
}
