TN:
SF:/mnt/datadisk/prj/vue/tutorials/bulma-buefy/sample_vue2/bincollection/src/App.vue
FN:112,validateBeforeSubmit
FN:113,(anonymous_2)
FN:129,getDisplayCollections
FN:136,updateFilterCollections
FN:139,(anonymous_5)
FN:155,submitEnquiry
FN:158,(anonymous_7)
FN:168,(anonymous_8)
FN:180,(anonymous_9)
FN:186,updateAddressSelect
FN:200,clearAddressSelect
FN:203,getPostcodeFieldStatusType
FN:216,isAddressFindDisabled
FN:219,isAddressSelectDisabled
FN:222,isEnquirySubmitDisabled
FN:225,isAddressFindCompleted
FN:228,isEnquirySubmitCompleted
FN:231,isResultTableDisabled
FN:237,hasCollections
FN:240,getAddressFieldStatusType
FN:245,searchAddresses
FN:251,(anonymous_22)
FN:259,(anonymous_23)
FN:268,updatePostcodeErr
FN:280,monitorPostcodeEnterKey
FN:288,clearEnquiryResults
FN:294,monitorPostcodeEnterKeyWithAutoSearch
FN:299,(anonymous_28)
FN:311,(anonymous_29)
FN:321,monitorAddressSwitch
FN:335,data
FNF:31
FNH:0
FNDA:0,validateBeforeSubmit
FNDA:0,(anonymous_2)
FNDA:0,getDisplayCollections
FNDA:0,updateFilterCollections
FNDA:0,(anonymous_5)
FNDA:0,submitEnquiry
FNDA:0,(anonymous_7)
FNDA:0,(anonymous_8)
FNDA:0,(anonymous_9)
FNDA:0,updateAddressSelect
FNDA:0,clearAddressSelect
FNDA:0,getPostcodeFieldStatusType
FNDA:0,isAddressFindDisabled
FNDA:0,isAddressSelectDisabled
FNDA:0,isEnquirySubmitDisabled
FNDA:0,isAddressFindCompleted
FNDA:0,isEnquirySubmitCompleted
FNDA:0,isResultTableDisabled
FNDA:0,hasCollections
FNDA:0,getAddressFieldStatusType
FNDA:0,searchAddresses
FNDA:0,(anonymous_22)
FNDA:0,(anonymous_23)
FNDA:0,updatePostcodeErr
FNDA:0,monitorPostcodeEnterKey
FNDA:0,clearEnquiryResults
FNDA:0,monitorPostcodeEnterKeyWithAutoSearch
FNDA:0,(anonymous_28)
FNDA:0,(anonymous_29)
FNDA:0,monitorAddressSwitch
FNDA:0,data
DA:90,0
DA:91,0
DA:92,0
DA:93,0
DA:95,0
DA:112,0
DA:113,0
DA:114,0
DA:115,0
DA:120,0
DA:122,0
DA:130,0
DA:131,0
DA:133,0
DA:136,0
DA:138,0
DA:139,0
DA:140,0
DA:141,0
DA:142,0
DA:144,0
DA:145,0
DA:146,0
DA:148,0
DA:149,0
DA:150,0
DA:155,0
DA:156,0
DA:158,0
DA:160,0
DA:161,0
DA:163,0
DA:164,0
DA:167,0
DA:168,0
DA:171,0
DA:174,0
DA:176,0
DA:179,0
DA:181,0
DA:183,0
DA:187,0
DA:188,0
DA:189,0
DA:190,0
DA:192,0
DA:193,0
DA:194,0
DA:196,0
DA:197,0
DA:201,0
DA:204,0
DA:206,0
DA:207,0
DA:208,0
DA:209,0
DA:210,0
DA:211,0
DA:212,0
DA:214,0
DA:217,0
DA:220,0
DA:223,0
DA:226,0
DA:229,0
DA:232,0
DA:233,0
DA:235,0
DA:238,0
DA:243,0
DA:245,0
DA:246,0
DA:247,0
DA:248,0
DA:250,0
DA:251,0
DA:252,0
DA:253,0
DA:255,0
DA:256,0
DA:258,0
DA:260,0
DA:261,0
DA:262,0
DA:263,0
DA:266,0
DA:269,0
DA:270,0
DA:271,0
DA:272,0
DA:273,0
DA:274,0
DA:275,0
DA:277,0
DA:281,0
DA:282,0
DA:283,0
DA:284,0
DA:285,0
DA:286,0
DA:289,0
DA:290,0
DA:291,0
DA:292,0
DA:294,0
DA:296,0
DA:297,0
DA:298,0
DA:299,0
DA:300,0
DA:302,0
DA:303,0
DA:304,0
DA:305,0
DA:307,0
DA:308,0
DA:313,0
DA:314,0
DA:316,0
DA:318,0
DA:322,0
DA:323,0
DA:324,0
DA:328,0
DA:336,0
LF:125
LH:0
BRDA:114,0,0,0
BRDA:114,0,1,0
BRDA:130,1,0,0
BRDA:130,1,1,0
BRDA:140,2,0,0
BRDA:140,2,1,0
BRDA:141,3,0,0
BRDA:141,3,1,0
BRDA:144,4,0,0
BRDA:144,4,1,0
BRDA:145,5,0,0
BRDA:145,5,1,0
BRDA:148,6,0,0
BRDA:148,6,1,0
BRDA:149,7,0,0
BRDA:149,7,1,0
BRDA:160,8,0,0
BRDA:160,8,1,0
BRDA:187,9,0,0
BRDA:187,9,1,0
BRDA:187,10,0,0
BRDA:187,10,1,0
BRDA:204,11,0,0
BRDA:204,11,1,0
BRDA:204,12,0,0
BRDA:204,12,1,0
BRDA:207,13,0,0
BRDA:207,13,1,0
BRDA:209,14,0,0
BRDA:209,14,1,0
BRDA:211,15,0,0
BRDA:211,15,1,0
BRDA:220,16,0,0
BRDA:220,16,1,0
BRDA:226,17,0,0
BRDA:226,17,1,0
BRDA:229,18,0,0
BRDA:229,18,1,0
BRDA:232,19,0,0
BRDA:232,19,1,0
BRDA:238,20,0,0
BRDA:238,20,1,0
BRDA:250,21,0,0
BRDA:250,21,1,0
BRDA:252,22,0,0
BRDA:252,22,1,0
BRDA:270,23,0,0
BRDA:270,23,1,0
BRDA:272,24,0,0
BRDA:272,24,1,0
BRDA:274,25,0,0
BRDA:274,25,1,0
BRDA:302,26,0,0
BRDA:302,26,1,0
BRDA:303,27,0,0
BRDA:303,27,1,0
BRDA:313,28,0,0
BRDA:313,28,1,0
BRDA:313,29,0,0
BRDA:313,29,1,0
BRDA:322,30,0,0
BRDA:322,30,1,0
BRF:62
BRH:0
end_of_record
TN:
SF:/mnt/datadisk/prj/vue/tutorials/bulma-buefy/sample_vue2/bincollection/src/bc_defines.js
FNF:0
FNH:0
DA:1,0
DA:11,0
DA:13,0
DA:14,0
DA:17,0
DA:18,0
LF:6
LH:0
BRDA:11,0,0,0
BRDA:11,0,1,0
BRDA:13,1,0,0
BRDA:13,1,1,0
BRF:4
BRH:0
end_of_record
TN:
SF:/mnt/datadisk/prj/vue/tutorials/bulma-buefy/sample_vue2/bincollection/src/store.js
FN:16,UPDATE_ADDRESS_DATA
FN:16,UPDATE_WEEKLY_COLLECTION_DATA
FN:16,SET_ADDRESS_DATA_LOADING
FN:16,SET_COLLECTION_DATA_LOADING
FN:30,getPostAddresses
FN:34,(anonymous_6)
FN:30,findBinCollections
FN:41,(anonymous_8)
FN:47,addressses
FN:48,collections
FNF:10
FNH:0
FNDA:0,UPDATE_ADDRESS_DATA
FNDA:0,UPDATE_WEEKLY_COLLECTION_DATA
FNDA:0,SET_ADDRESS_DATA_LOADING
FNDA:0,SET_COLLECTION_DATA_LOADING
FNDA:0,getPostAddresses
FNDA:0,(anonymous_6)
FNDA:0,findBinCollections
FNDA:0,(anonymous_8)
FNDA:0,addressses
FNDA:0,collections
DA:1,0
DA:2,0
DA:5,0
DA:18,0
DA:21,0
DA:24,0
DA:27,0
DA:31,0
DA:32,0
DA:33,0
DA:34,0
DA:35,0
DA:36,0
DA:39,0
DA:40,0
DA:41,0
DA:42,0
DA:47,0
DA:48,0
LF:19
LH:0
BRF:0
BRH:0
end_of_record
TN:
SF:/mnt/datadisk/prj/vue/tutorials/bulma-buefy/sample_vue2/bincollection/src/api/rbc_api.js
FN:44,getAddresses
FN:50,(anonymous_7)
FN:56,(anonymous_8)
FN:65,(anonymous_9)
FN:71,(anonymous_10)
FN:44,getPostcodeAddresses
FN:84,(anonymous_12)
FN:92,(anonymous_13)
FN:96,(anonymous_14)
FN:44,findBinCollections
FN:104,(anonymous_16)
FN:109,(anonymous_17)
FN:118,(anonymous_18)
FN:125,(anonymous_19)
FN:44,getWeeklyBinCollectionSchedule
FN:150,(anonymous_21)
FNF:16
FNH:0
FNDA:0,getAddresses
FNDA:0,(anonymous_7)
FNDA:0,(anonymous_8)
FNDA:0,(anonymous_9)
FNDA:0,(anonymous_10)
FNDA:0,getPostcodeAddresses
FNDA:0,(anonymous_12)
FNDA:0,(anonymous_13)
FNDA:0,(anonymous_14)
FNDA:0,findBinCollections
FNDA:0,(anonymous_16)
FNDA:0,(anonymous_17)
FNDA:0,(anonymous_18)
FNDA:0,(anonymous_19)
FNDA:0,getWeeklyBinCollectionSchedule
FNDA:0,(anonymous_21)
DA:1,0
DA:2,0
DA:3,0
DA:4,0
DA:6,0
DA:12,0
DA:13,0
DA:18,0
DA:19,0
DA:20,0
DA:21,0
DA:26,0
DA:30,0
DA:32,0
DA:36,0
DA:38,0
DA:42,0
DA:44,0
DA:50,0
DA:52,0
DA:54,0
DA:55,0
DA:56,0
DA:57,0
DA:58,0
DA:59,0
DA:60,0
DA:62,0
DA:63,0
DA:66,0
DA:67,0
DA:71,0
DA:72,0
DA:74,0
DA:75,0
DA:76,0
DA:78,0
DA:83,0
DA:84,0
DA:85,0
DA:87,0
DA:88,0
DA:90,0
DA:91,0
DA:92,0
DA:93,0
DA:97,0
DA:103,0
DA:104,0
DA:105,0
DA:107,0
DA:108,0
DA:109,0
DA:110,0
DA:111,0
DA:112,0
DA:113,0
DA:115,0
DA:116,0
DA:119,0
DA:121,0
DA:122,0
DA:125,0
DA:126,0
DA:128,0
DA:129,0
DA:130,0
DA:131,0
DA:133,0
DA:134,0
DA:137,0
DA:138,0
DA:144,0
DA:145,0
DA:148,0
DA:150,0
DA:153,0
DA:155,0
DA:158,0
DA:160,0
LF:80
LH:0
BRDA:18,0,0,0
BRDA:18,0,1,0
BRDA:18,1,0,0
BRDA:18,1,1,0
BRDA:18,2,0,0
BRDA:18,2,1,0
BRDA:18,3,0,0
BRDA:18,3,1,0
BRDA:18,4,0,0
BRDA:18,4,1,0
BRDA:18,5,0,0
BRDA:18,5,1,0
BRDA:54,6,0,0
BRDA:54,6,1,0
BRDA:59,7,0,0
BRDA:59,7,1,0
BRDA:74,8,0,0
BRDA:74,8,1,0
BRDA:74,9,0,0
BRDA:74,9,1,0
BRDA:87,10,0,0
BRDA:87,10,1,0
BRDA:91,11,0,0
BRDA:91,11,1,0
BRDA:107,12,0,0
BRDA:107,12,1,0
BRDA:112,13,0,0
BRDA:112,13,1,0
BRDA:129,14,0,0
BRDA:129,14,1,0
BRDA:129,15,0,0
BRDA:129,15,1,0
BRDA:129,15,2,0
BRDA:130,16,0,0
BRDA:130,16,1,0
BRDA:144,17,0,0
BRDA:144,17,1,0
BRDA:155,18,0,0
BRDA:155,18,1,0
BRDA:155,18,2,0
BRF:40
BRH:0
end_of_record
TN:
SF:/mnt/datadisk/prj/vue/tutorials/bulma-buefy/sample_vue2/bincollection/src/api/seed_pseudo.js
FNF:0
FNH:0
DA:2,0
DA:45,0
LF:2
LH:0
BRF:0
BRH:0
end_of_record
TN:
SF:/mnt/datadisk/prj/vue/tutorials/bulma-buefy/sample_vue2/bincollection/src/api/seed_test.js
FNF:0
FNH:0
DA:2,0
DA:1121,0
LF:2
LH:0
BRF:0
BRH:0
end_of_record
TN:
SF:/mnt/datadisk/prj/vue/tutorials/bulma-buefy/sample_vue2/bincollection/src/components/MyFooter.vue
FN:48,data
FNF:1
FNH:0
FNDA:0,data
DA:49,0
LF:1
LH:0
BRF:0
BRH:0
end_of_record
TN:
SF:/mnt/datadisk/prj/vue/tutorials/bulma-buefy/sample_vue2/bincollection/src/utils/postcode_validator.js
FN:6,verifyPostcodeFormat
FN:6,shortenPostcode
FN:6,rectifyPostcodeSimple
FN:6,rectifyPostcode
FNF:4
FNH:0
FNDA:0,verifyPostcodeFormat
FNDA:0,shortenPostcode
FNDA:0,rectifyPostcodeSimple
FNDA:0,rectifyPostcode
DA:1,0
DA:3,0
DA:4,0
DA:6,0
DA:9,0
DA:13,0
DA:16,0
DA:21,0
DA:22,0
DA:24,0
DA:25,0
DA:26,0
DA:28,0
DA:29,0
DA:31,0
DA:32,0
DA:34,0
DA:36,0
DA:40,0
DA:43,0
DA:46,0
DA:47,0
DA:49,0
DA:50,0
DA:51,0
DA:52,0
DA:53,0
DA:58,0
LF:28
LH:0
BRDA:21,0,0,0
BRDA:21,0,1,0
BRDA:24,1,0,0
BRDA:24,1,1,0
BRDA:25,2,0,0
BRDA:25,2,1,0
BRDA:28,3,0,0
BRDA:28,3,1,0
BRDA:31,4,0,0
BRDA:31,4,1,0
BRDA:49,5,0,0
BRDA:49,5,1,0
BRDA:49,6,0,0
BRDA:49,6,1,0
BRDA:50,7,0,0
BRDA:50,7,1,0
BRDA:52,8,0,0
BRDA:52,8,1,0
BRF:18
BRH:0
end_of_record
TN:
SF:/mnt/datadisk/prj/vue/tutorials/bulma-buefy/sample_vue2/bincollection/src/utils/str_utils.js
FN:2,isAlphaNumeric
FN:2,isAlphabet
FN:2,checkString
FNF:3
FNH:0
FNDA:0,isAlphaNumeric
FNDA:0,isAlphabet
FNDA:0,checkString
DA:2,0
DA:5,0
DA:8,0
DA:11,0
DA:12,0
DA:13,0
DA:15,0
DA:18,0
LF:8
LH:0
BRDA:5,0,0,0
BRDA:5,0,1,0
BRDA:5,0,2,0
BRDA:5,0,3,0
BRDA:5,0,4,0
BRDA:5,0,5,0
BRDA:8,1,0,0
BRDA:8,1,1,0
BRDA:8,1,2,0
BRDA:8,1,3,0
BRDA:13,2,0,0
BRDA:13,2,1,0
BRF:12
BRH:0
end_of_record
TN:
SF:/mnt/datadisk/prj/vue/tutorials/bulma-buefy/sample_vue2/bincollection/src/utils/time_utils.js
FN:3,convertDateFromCouncilUKTimeStr
FN:18,getDateRange
FNF:2
FNH:1
FNDA:1,convertDateFromCouncilUKTimeStr
FNDA:0,getDateRange
DA:4,1
DA:7,1
DA:8,1
DA:9,1
DA:11,1
DA:13,0
DA:14,0
DA:19,0
DA:20,0
DA:21,0
DA:22,0
DA:23,0
DA:24,0
LF:13
LH:5
BRDA:18,0,0,0
BRF:1
BRH:0
end_of_record
